<?xml version="1.0" encoding="UTF-8" ?>
<testsuite tests="10" failures="0" name="com.mycompany.projcetjavaswing.model.ProductTest" time="0.005" errors="0" skipped="0">
  <properties>
[...]
</properties>
  <testcase classname="com.mycompany.projcetjavaswing.model.ProductTest" name="testSetCategory_id" time="0.005"/>
  <testcase classname="com.mycompany.projcetjavaswing.model.ProductTest" name="testGetPrice" time="0"/>
  <testcase classname="com.mycompany.projcetjavaswing.model.ProductTest" name="testGetId" time="0"/>
  <testcase classname="com.mycompany.projcetjavaswing.model.ProductTest" name="testSetId" time="0"/>
  <testcase classname="com.mycompany.projcetjavaswing.model.ProductTest" name="testUnit" time="0"/>
  <testcase classname="com.mycompany.projcetjavaswing.model.ProductTest" name="testGetCategory_id" time="0"/>
  <testcase classname="com.mycompany.projcetjavaswing.model.ProductTest" name="testSetQuantity" time="0"/>
  <testcase classname="com.mycompany.projcetjavaswing.model.ProductTest" name="testGetQuantity" time="0"/>
  <testcase classname="com.mycompany.projcetjavaswing.model.ProductTest" name="testNameproduct" time="0"/>
  <testcase classname="com.mycompany.projcetjavaswing.model.ProductTest" name="testSetPrice" time="0"/>
</testsuite>